
2019-11-18 16:01:09 Apache Commons Daemon procrun stderr initialized.
18-Nov-2019 16:01:10.579 정보 [main] org.apache.catalina.startup.VersionLoggerListener.log 서버 버전 이름:        Apache Tomcat/9.0.27
18-Nov-2019 16:01:10.613 정보 [main] org.apache.catalina.startup.VersionLoggerListener.log Server 빌드 시각:          Oct 7 2019 09:57:22 UTC
18-Nov-2019 16:01:10.613 정보 [main] org.apache.catalina.startup.VersionLoggerListener.log Server 버전 번호:         9.0.27.0
18-Nov-2019 16:01:10.613 정보 [main] org.apache.catalina.startup.VersionLoggerListener.log 운영체제 이름:               Windows 10
18-Nov-2019 16:01:10.613 정보 [main] org.apache.catalina.startup.VersionLoggerListener.log 운영체제 버전:            10.0
18-Nov-2019 16:01:10.613 정보 [main] org.apache.catalina.startup.VersionLoggerListener.log 아키텍처:          amd64
18-Nov-2019 16:01:10.613 정보 [main] org.apache.catalina.startup.VersionLoggerListener.log 자바 홈:             C:\Program Files\Java\jre1.8.0_221
18-Nov-2019 16:01:10.614 정보 [main] org.apache.catalina.startup.VersionLoggerListener.log JVM 버전:           1.8.0_221-b11
18-Nov-2019 16:01:10.614 정보 [main] org.apache.catalina.startup.VersionLoggerListener.log JVM 벤더:            Oracle Corporation
18-Nov-2019 16:01:10.614 정보 [main] org.apache.catalina.startup.VersionLoggerListener.log CATALINA_BASE:         C:\Tomcat 9.0
18-Nov-2019 16:01:10.614 정보 [main] org.apache.catalina.startup.VersionLoggerListener.log CATALINA_HOME:         C:\Tomcat 9.0
18-Nov-2019 16:01:10.618 정보 [main] org.apache.catalina.startup.VersionLoggerListener.log 명령 행 아규먼트: -Dcatalina.home=C:\Tomcat 9.0
18-Nov-2019 16:01:10.618 정보 [main] org.apache.catalina.startup.VersionLoggerListener.log 명령 행 아규먼트: -Dcatalina.base=C:\Tomcat 9.0
18-Nov-2019 16:01:10.619 정보 [main] org.apache.catalina.startup.VersionLoggerListener.log 명령 행 아규먼트: -Djava.io.tmpdir=C:\Tomcat 9.0\temp
18-Nov-2019 16:01:10.619 정보 [main] org.apache.catalina.startup.VersionLoggerListener.log 명령 행 아규먼트: -Djava.util.logging.manager=org.apache.juli.ClassLoaderLogManager
18-Nov-2019 16:01:10.619 정보 [main] org.apache.catalina.startup.VersionLoggerListener.log 명령 행 아규먼트: -Djava.util.logging.config.file=C:\Tomcat 9.0\conf\logging.properties
18-Nov-2019 16:01:10.619 정보 [main] org.apache.catalina.startup.VersionLoggerListener.log 명령 행 아규먼트: exit
18-Nov-2019 16:01:10.619 정보 [main] org.apache.catalina.startup.VersionLoggerListener.log 명령 행 아규먼트: abort
18-Nov-2019 16:01:10.619 정보 [main] org.apache.catalina.startup.VersionLoggerListener.log 명령 행 아규먼트: -Xms128m
18-Nov-2019 16:01:10.619 정보 [main] org.apache.catalina.startup.VersionLoggerListener.log 명령 행 아규먼트: -Xmx256m
18-Nov-2019 16:01:10.619 정보 [main] org.apache.catalina.core.AprLifecycleListener.lifecycleEvent 프로덕션 환경들에서 최적의 성능을 제공하는, APR 기반 Apache Tomcat Native 라이브러리가, 다음 java.library.path에서 발견되지 않습니다: [C:\Tomcat 9.0\bin;C:\Windows\Sun\Java\bin;C:\Windows\system32;C:\Windows;C:\Program Files\Java\jre1.8.0_221\bin;C:\oraclexe\app\oracle\product\11.2.0\server\bin;;C:\Program Files (x86)\Common Files\Oracle\Java\javapath;C:\Windows\system32;C:\Windows;C:\Windows\System32\Wbem;C:\Windows\System32\WindowsPowerShell\v1.0\;C:\Windows\System32\OpenSSH\;C:\Program Files\Git\cmd;C:\Java\jdk1.8.0_221\bin;C:\Windows\ServiceProfiles\LocalService\AppData\Local\Microsoft\WindowsApps;.]
18-Nov-2019 16:01:11.197 정보 [main] org.apache.coyote.AbstractProtocol.init 프로토콜 핸들러 ["http-nio-9090"]을(를) 초기화합니다.
18-Nov-2019 16:01:11.435 정보 [main] org.apache.coyote.AbstractProtocol.init 프로토콜 핸들러 ["ajp-nio-8009"]을(를) 초기화합니다.
18-Nov-2019 16:01:11.439 정보 [main] org.apache.catalina.startup.Catalina.load [1,072] 밀리초 내에 서버가 초기화되었습니다.
18-Nov-2019 16:01:11.478 정보 [main] org.apache.catalina.core.StandardService.startInternal 서비스 [Catalina]을(를) 시작합니다.
18-Nov-2019 16:01:11.478 정보 [main] org.apache.catalina.core.StandardEngine.startInternal 서버 엔진을 시작합니다: [Apache Tomcat/9.0.27]
18-Nov-2019 16:01:11.487 정보 [main] org.apache.catalina.startup.HostConfig.deployDirectory 웹 애플리케이션 디렉토리 [C:\Tomcat 9.0\webapps\docs]을(를) 배치합니다.
18-Nov-2019 16:01:11.708 정보 [main] org.apache.catalina.startup.HostConfig.deployDirectory 웹 애플리케이션 디렉토리 [C:\Tomcat 9.0\webapps\docs]에 대한 배치가 [222] 밀리초에 완료되었습니다.
18-Nov-2019 16:01:11.709 정보 [main] org.apache.catalina.startup.HostConfig.deployDirectory 웹 애플리케이션 디렉토리 [C:\Tomcat 9.0\webapps\manager]을(를) 배치합니다.
18-Nov-2019 16:01:11.761 정보 [main] org.apache.catalina.startup.HostConfig.deployDirectory 웹 애플리케이션 디렉토리 [C:\Tomcat 9.0\webapps\manager]에 대한 배치가 [51] 밀리초에 완료되었습니다.
18-Nov-2019 16:01:11.761 정보 [main] org.apache.catalina.startup.HostConfig.deployDirectory 웹 애플리케이션 디렉토리 [C:\Tomcat 9.0\webapps\ROOT]을(를) 배치합니다.
18-Nov-2019 16:01:11.795 정보 [main] org.apache.catalina.startup.HostConfig.deployDirectory 웹 애플리케이션 디렉토리 [C:\Tomcat 9.0\webapps\ROOT]에 대한 배치가 [34] 밀리초에 완료되었습니다.
18-Nov-2019 16:01:11.799 정보 [main] org.apache.coyote.AbstractProtocol.start 프로토콜 핸들러 ["http-nio-9090"]을(를) 시작합니다.
18-Nov-2019 16:01:11.807 정보 [main] org.apache.coyote.AbstractProtocol.start 프로토콜 핸들러 ["ajp-nio-8009"]을(를) 시작합니다.
18-Nov-2019 16:01:11.810 정보 [main] org.apache.catalina.startup.Catalina.start 서버가 [370] 밀리초 내에 시작되었습니다.
18-Nov-2019 16:18:22.319 정보 [Thread-6] org.apache.coyote.AbstractProtocol.pause 프로토콜 핸들러 ["http-nio-9090"]을(를) 일시 정지 중
18-Nov-2019 16:18:22.531 정보 [Thread-6] org.apache.coyote.AbstractProtocol.pause 프로토콜 핸들러 ["ajp-nio-8009"]을(를) 일시 정지 중
18-Nov-2019 16:18:22.693 정보 [Thread-6] org.apache.catalina.core.StandardService.stopInternal 서비스 [Catalina]을(를) 중지시킵니다.
18-Nov-2019 16:18:22.708 정보 [Thread-6] org.apache.coyote.AbstractProtocol.stop 프로토콜 핸들러 ["http-nio-9090"]을(를) 중지시킵니다.
18-Nov-2019 16:18:22.710 정보 [Thread-6] org.apache.coyote.AbstractProtocol.stop 프로토콜 핸들러 ["ajp-nio-8009"]을(를) 중지시킵니다.
18-Nov-2019 16:18:22.711 정보 [Thread-6] org.apache.coyote.AbstractProtocol.destroy 프로토콜 핸들러 ["http-nio-9090"]을(를) 소멸시킵니다.
18-Nov-2019 16:18:22.712 정보 [Thread-6] org.apache.coyote.AbstractProtocol.destroy 프로토콜 핸들러 ["ajp-nio-8009"]을(를) 소멸시킵니다.

2019-11-18 16:18:27 Apache Commons Daemon procrun stderr initialized.
18-Nov-2019 16:18:27.703 정보 [main] org.apache.catalina.startup.VersionLoggerListener.log 서버 버전 이름:        Apache Tomcat/9.0.27
18-Nov-2019 16:18:27.707 정보 [main] org.apache.catalina.startup.VersionLoggerListener.log Server 빌드 시각:          Oct 7 2019 09:57:22 UTC
18-Nov-2019 16:18:27.707 정보 [main] org.apache.catalina.startup.VersionLoggerListener.log Server 버전 번호:         9.0.27.0
18-Nov-2019 16:18:27.707 정보 [main] org.apache.catalina.startup.VersionLoggerListener.log 운영체제 이름:               Windows 10
18-Nov-2019 16:18:27.707 정보 [main] org.apache.catalina.startup.VersionLoggerListener.log 운영체제 버전:            10.0
18-Nov-2019 16:18:27.707 정보 [main] org.apache.catalina.startup.VersionLoggerListener.log 아키텍처:          amd64
18-Nov-2019 16:18:27.707 정보 [main] org.apache.catalina.startup.VersionLoggerListener.log 자바 홈:             C:\Program Files\Java\jre1.8.0_221
18-Nov-2019 16:18:27.708 정보 [main] org.apache.catalina.startup.VersionLoggerListener.log JVM 버전:           1.8.0_221-b11
18-Nov-2019 16:18:27.708 정보 [main] org.apache.catalina.startup.VersionLoggerListener.log JVM 벤더:            Oracle Corporation
18-Nov-2019 16:18:27.708 정보 [main] org.apache.catalina.startup.VersionLoggerListener.log CATALINA_BASE:         C:\Tomcat 9.0
18-Nov-2019 16:18:27.708 정보 [main] org.apache.catalina.startup.VersionLoggerListener.log CATALINA_HOME:         C:\Tomcat 9.0
18-Nov-2019 16:18:27.709 정보 [main] org.apache.catalina.startup.VersionLoggerListener.log 명령 행 아규먼트: -Dcatalina.home=C:\Tomcat 9.0
18-Nov-2019 16:18:27.709 정보 [main] org.apache.catalina.startup.VersionLoggerListener.log 명령 행 아규먼트: -Dcatalina.base=C:\Tomcat 9.0
18-Nov-2019 16:18:27.709 정보 [main] org.apache.catalina.startup.VersionLoggerListener.log 명령 행 아규먼트: -Djava.io.tmpdir=C:\Tomcat 9.0\temp
18-Nov-2019 16:18:27.709 정보 [main] org.apache.catalina.startup.VersionLoggerListener.log 명령 행 아규먼트: -Djava.util.logging.manager=org.apache.juli.ClassLoaderLogManager
18-Nov-2019 16:18:27.709 정보 [main] org.apache.catalina.startup.VersionLoggerListener.log 명령 행 아규먼트: -Djava.util.logging.config.file=C:\Tomcat 9.0\conf\logging.properties
18-Nov-2019 16:18:27.710 정보 [main] org.apache.catalina.startup.VersionLoggerListener.log 명령 행 아규먼트: exit
18-Nov-2019 16:18:27.710 정보 [main] org.apache.catalina.startup.VersionLoggerListener.log 명령 행 아규먼트: abort
18-Nov-2019 16:18:27.710 정보 [main] org.apache.catalina.startup.VersionLoggerListener.log 명령 행 아규먼트: -Xms128m
18-Nov-2019 16:18:27.710 정보 [main] org.apache.catalina.startup.VersionLoggerListener.log 명령 행 아규먼트: -Xmx256m
18-Nov-2019 16:18:27.710 정보 [main] org.apache.catalina.core.AprLifecycleListener.lifecycleEvent 프로덕션 환경들에서 최적의 성능을 제공하는, APR 기반 Apache Tomcat Native 라이브러리가, 다음 java.library.path에서 발견되지 않습니다: [C:\Tomcat 9.0\bin;C:\Windows\Sun\Java\bin;C:\Windows\system32;C:\Windows;C:\Program Files\Java\jre1.8.0_221\bin;C:\oraclexe\app\oracle\product\11.2.0\server\bin;C:\Program Files (x86)\Common Files\Oracle\Java\javapath;C:\Windows\system32;C:\Windows;C:\Windows\System32\Wbem;C:\Windows\System32\WindowsPowerShell\v1.0\;C:\Windows\System32\OpenSSH\;C:\Program Files\Git\cmd;C:\Java\jdk1.8.0_221\bin;c:\Tomcat 9.0 \bin;C:\Windows\ServiceProfiles\LocalService\AppData\Local\Microsoft\WindowsApps;.]
18-Nov-2019 16:18:27.939 정보 [main] org.apache.coyote.AbstractProtocol.init 프로토콜 핸들러 ["http-nio-9090"]을(를) 초기화합니다.
18-Nov-2019 16:18:28.140 정보 [main] org.apache.coyote.AbstractProtocol.init 프로토콜 핸들러 ["ajp-nio-8009"]을(를) 초기화합니다.
18-Nov-2019 16:18:28.143 정보 [main] org.apache.catalina.startup.Catalina.load [627] 밀리초 내에 서버가 초기화되었습니다.
18-Nov-2019 16:18:28.175 정보 [main] org.apache.catalina.core.StandardService.startInternal 서비스 [Catalina]을(를) 시작합니다.
18-Nov-2019 16:18:28.175 정보 [main] org.apache.catalina.core.StandardEngine.startInternal 서버 엔진을 시작합니다: [Apache Tomcat/9.0.27]
18-Nov-2019 16:18:28.183 정보 [main] org.apache.catalina.startup.HostConfig.deployDirectory 웹 애플리케이션 디렉토리 [C:\Tomcat 9.0\webapps\docs]을(를) 배치합니다.
18-Nov-2019 16:18:28.392 정보 [main] org.apache.catalina.startup.HostConfig.deployDirectory 웹 애플리케이션 디렉토리 [C:\Tomcat 9.0\webapps\docs]에 대한 배치가 [209] 밀리초에 완료되었습니다.
18-Nov-2019 16:18:28.393 정보 [main] org.apache.catalina.startup.HostConfig.deployDirectory 웹 애플리케이션 디렉토리 [C:\Tomcat 9.0\webapps\manager]을(를) 배치합니다.
18-Nov-2019 16:18:28.433 정보 [main] org.apache.catalina.startup.HostConfig.deployDirectory 웹 애플리케이션 디렉토리 [C:\Tomcat 9.0\webapps\manager]에 대한 배치가 [40] 밀리초에 완료되었습니다.
18-Nov-2019 16:18:28.434 정보 [main] org.apache.catalina.startup.HostConfig.deployDirectory 웹 애플리케이션 디렉토리 [C:\Tomcat 9.0\webapps\ROOT]을(를) 배치합니다.
18-Nov-2019 16:18:28.459 정보 [main] org.apache.catalina.startup.HostConfig.deployDirectory 웹 애플리케이션 디렉토리 [C:\Tomcat 9.0\webapps\ROOT]에 대한 배치가 [25] 밀리초에 완료되었습니다.
18-Nov-2019 16:18:28.462 정보 [main] org.apache.coyote.AbstractProtocol.start 프로토콜 핸들러 ["http-nio-9090"]을(를) 시작합니다.
18-Nov-2019 16:18:28.471 정보 [main] org.apache.coyote.AbstractProtocol.start 프로토콜 핸들러 ["ajp-nio-8009"]을(를) 시작합니다.
18-Nov-2019 16:18:28.474 정보 [main] org.apache.catalina.startup.Catalina.start 서버가 [330] 밀리초 내에 시작되었습니다.
18-Nov-2019 16:39:19.896 정보 [Catalina-utility-1] org.apache.catalina.startup.HostConfig.undeploy 컨텍스트 []의 배치를 제거합니다.
18-Nov-2019 16:39:19.943 정보 [Catalina-utility-1] org.apache.catalina.startup.HostConfig.undeploy 컨텍스트 [/manager]의 배치를 제거합니다.
18-Nov-2019 16:39:19.952 정보 [Catalina-utility-1] org.apache.catalina.startup.HostConfig.undeploy 컨텍스트 [/docs]의 배치를 제거합니다.
18-Nov-2019 16:39:19.965 정보 [Catalina-utility-1] org.apache.catalina.startup.HostConfig.deployDirectory 웹 애플리케이션 디렉토리 [C:\Tomcat 9.0\webapps\docs]을(를) 배치합니다.
18-Nov-2019 16:39:20.003 정보 [Catalina-utility-1] org.apache.catalina.startup.HostConfig.deployDirectory 웹 애플리케이션 디렉토리 [C:\Tomcat 9.0\webapps\docs]에 대한 배치가 [37] 밀리초에 완료되었습니다.
18-Nov-2019 16:39:20.003 정보 [Catalina-utility-1] org.apache.catalina.startup.HostConfig.deployDirectory 웹 애플리케이션 디렉토리 [C:\Tomcat 9.0\webapps\manager]을(를) 배치합니다.
18-Nov-2019 16:39:20.040 정보 [Catalina-utility-1] org.apache.catalina.startup.HostConfig.deployDirectory 웹 애플리케이션 디렉토리 [C:\Tomcat 9.0\webapps\manager]에 대한 배치가 [36] 밀리초에 완료되었습니다.
18-Nov-2019 16:39:20.040 정보 [Catalina-utility-1] org.apache.catalina.startup.HostConfig.deployDirectory 웹 애플리케이션 디렉토리 [C:\Tomcat 9.0\webapps\ROOT]을(를) 배치합니다.
18-Nov-2019 16:39:20.065 정보 [Catalina-utility-1] org.apache.catalina.startup.HostConfig.deployDirectory 웹 애플리케이션 디렉토리 [C:\Tomcat 9.0\webapps\ROOT]에 대한 배치가 [25] 밀리초에 완료되었습니다.
18-Nov-2019 16:41:10.237 정보 [Catalina-utility-1] org.apache.catalina.startup.HostConfig.undeploy 컨텍스트 []의 배치를 제거합니다.
18-Nov-2019 16:41:10.242 정보 [Catalina-utility-1] org.apache.catalina.startup.HostConfig.undeploy 컨텍스트 [/manager]의 배치를 제거합니다.
18-Nov-2019 16:41:10.252 정보 [Catalina-utility-1] org.apache.catalina.startup.HostConfig.undeploy 컨텍스트 [/docs]의 배치를 제거합니다.
18-Nov-2019 16:41:10.260 정보 [Catalina-utility-1] org.apache.catalina.startup.HostConfig.deployDirectory 웹 애플리케이션 디렉토리 [C:\Tomcat 9.0\webapps\docs]을(를) 배치합니다.
18-Nov-2019 16:41:10.346 정보 [Catalina-utility-1] org.apache.catalina.startup.HostConfig.deployDirectory 웹 애플리케이션 디렉토리 [C:\Tomcat 9.0\webapps\docs]에 대한 배치가 [86] 밀리초에 완료되었습니다.
18-Nov-2019 16:41:10.346 정보 [Catalina-utility-1] org.apache.catalina.startup.HostConfig.deployDirectory 웹 애플리케이션 디렉토리 [C:\Tomcat 9.0\webapps\manager]을(를) 배치합니다.
18-Nov-2019 16:41:10.394 정보 [Catalina-utility-1] org.apache.catalina.startup.HostConfig.deployDirectory 웹 애플리케이션 디렉토리 [C:\Tomcat 9.0\webapps\manager]에 대한 배치가 [48] 밀리초에 완료되었습니다.
18-Nov-2019 16:41:10.394 정보 [Catalina-utility-1] org.apache.catalina.startup.HostConfig.deployDirectory 웹 애플리케이션 디렉토리 [C:\Tomcat 9.0\webapps\ROOT]을(를) 배치합니다.
18-Nov-2019 16:41:10.423 정보 [Catalina-utility-1] org.apache.catalina.startup.HostConfig.deployDirectory 웹 애플리케이션 디렉토리 [C:\Tomcat 9.0\webapps\ROOT]에 대한 배치가 [29] 밀리초에 완료되었습니다.
18-Nov-2019 16:41:50.865 정보 [Thread-6] org.apache.coyote.AbstractProtocol.pause 프로토콜 핸들러 ["http-nio-9090"]을(를) 일시 정지 중
18-Nov-2019 16:41:51.070 정보 [Thread-6] org.apache.coyote.AbstractProtocol.pause 프로토콜 핸들러 ["ajp-nio-8009"]을(를) 일시 정지 중
18-Nov-2019 16:41:51.240 정보 [Thread-6] org.apache.catalina.core.StandardService.stopInternal 서비스 [Catalina]을(를) 중지시킵니다.
18-Nov-2019 16:41:51.252 정보 [Thread-6] org.apache.coyote.AbstractProtocol.stop 프로토콜 핸들러 ["http-nio-9090"]을(를) 중지시킵니다.
18-Nov-2019 16:41:51.255 정보 [Thread-6] org.apache.coyote.AbstractProtocol.stop 프로토콜 핸들러 ["ajp-nio-8009"]을(를) 중지시킵니다.
18-Nov-2019 16:41:51.257 정보 [Thread-6] org.apache.coyote.AbstractProtocol.destroy 프로토콜 핸들러 ["http-nio-9090"]을(를) 소멸시킵니다.
18-Nov-2019 16:41:51.258 정보 [Thread-6] org.apache.coyote.AbstractProtocol.destroy 프로토콜 핸들러 ["ajp-nio-8009"]을(를) 소멸시킵니다.

2019-11-18 16:59:15 Apache Commons Daemon procrun stderr initialized.
18-Nov-2019 16:59:15.531 정보 [main] org.apache.catalina.startup.VersionLoggerListener.log 서버 버전 이름:        Apache Tomcat/9.0.27
18-Nov-2019 16:59:15.534 정보 [main] org.apache.catalina.startup.VersionLoggerListener.log Server 빌드 시각:          Oct 7 2019 09:57:22 UTC
18-Nov-2019 16:59:15.534 정보 [main] org.apache.catalina.startup.VersionLoggerListener.log Server 버전 번호:         9.0.27.0
18-Nov-2019 16:59:15.534 정보 [main] org.apache.catalina.startup.VersionLoggerListener.log 운영체제 이름:               Windows 10
18-Nov-2019 16:59:15.534 정보 [main] org.apache.catalina.startup.VersionLoggerListener.log 운영체제 버전:            10.0
18-Nov-2019 16:59:15.534 정보 [main] org.apache.catalina.startup.VersionLoggerListener.log 아키텍처:          amd64
18-Nov-2019 16:59:15.534 정보 [main] org.apache.catalina.startup.VersionLoggerListener.log 자바 홈:             C:\Program Files\Java\jre1.8.0_221
18-Nov-2019 16:59:15.534 정보 [main] org.apache.catalina.startup.VersionLoggerListener.log JVM 버전:           1.8.0_221-b11
18-Nov-2019 16:59:15.534 정보 [main] org.apache.catalina.startup.VersionLoggerListener.log JVM 벤더:            Oracle Corporation
18-Nov-2019 16:59:15.535 정보 [main] org.apache.catalina.startup.VersionLoggerListener.log CATALINA_BASE:         C:\Tomcat 9.0
18-Nov-2019 16:59:15.535 정보 [main] org.apache.catalina.startup.VersionLoggerListener.log CATALINA_HOME:         C:\Tomcat 9.0
18-Nov-2019 16:59:15.536 정보 [main] org.apache.catalina.startup.VersionLoggerListener.log 명령 행 아규먼트: -Dcatalina.home=C:\Tomcat 9.0
18-Nov-2019 16:59:15.536 정보 [main] org.apache.catalina.startup.VersionLoggerListener.log 명령 행 아규먼트: -Dcatalina.base=C:\Tomcat 9.0
18-Nov-2019 16:59:15.536 정보 [main] org.apache.catalina.startup.VersionLoggerListener.log 명령 행 아규먼트: -Djava.io.tmpdir=C:\Tomcat 9.0\temp
18-Nov-2019 16:59:15.536 정보 [main] org.apache.catalina.startup.VersionLoggerListener.log 명령 행 아규먼트: -Djava.util.logging.manager=org.apache.juli.ClassLoaderLogManager
18-Nov-2019 16:59:15.536 정보 [main] org.apache.catalina.startup.VersionLoggerListener.log 명령 행 아규먼트: -Djava.util.logging.config.file=C:\Tomcat 9.0\conf\logging.properties
18-Nov-2019 16:59:15.536 정보 [main] org.apache.catalina.startup.VersionLoggerListener.log 명령 행 아규먼트: exit
18-Nov-2019 16:59:15.536 정보 [main] org.apache.catalina.startup.VersionLoggerListener.log 명령 행 아규먼트: abort
18-Nov-2019 16:59:15.536 정보 [main] org.apache.catalina.startup.VersionLoggerListener.log 명령 행 아규먼트: -Xms128m
18-Nov-2019 16:59:15.537 정보 [main] org.apache.catalina.startup.VersionLoggerListener.log 명령 행 아규먼트: -Xmx256m
18-Nov-2019 16:59:15.537 정보 [main] org.apache.catalina.core.AprLifecycleListener.lifecycleEvent 프로덕션 환경들에서 최적의 성능을 제공하는, APR 기반 Apache Tomcat Native 라이브러리가, 다음 java.library.path에서 발견되지 않습니다: [C:\Tomcat 9.0\bin;C:\Windows\Sun\Java\bin;C:\Windows\system32;C:\Windows;C:\Program Files\Java\jre1.8.0_221\bin;C:\oraclexe\app\oracle\product\11.2.0\server\bin;C:\Program Files (x86)\Common Files\Oracle\Java\javapath;C:\Windows\system32;C:\Windows;C:\Windows\System32\Wbem;C:\Windows\System32\WindowsPowerShell\v1.0\;C:\Windows\System32\OpenSSH\;C:\Program Files\Git\cmd;C:\Java\jdk1.8.0_221\bin;c:\Tomcat 9.0 \bin;C:\Windows\ServiceProfiles\LocalService\AppData\Local\Microsoft\WindowsApps;.]
18-Nov-2019 16:59:15.797 정보 [main] org.apache.coyote.AbstractProtocol.init 프로토콜 핸들러 ["http-nio-9090"]을(를) 초기화합니다.
18-Nov-2019 16:59:16.007 정보 [main] org.apache.coyote.AbstractProtocol.init 프로토콜 핸들러 ["ajp-nio-8009"]을(를) 초기화합니다.
18-Nov-2019 16:59:16.010 정보 [main] org.apache.catalina.startup.Catalina.load [666] 밀리초 내에 서버가 초기화되었습니다.
18-Nov-2019 16:59:16.033 정보 [main] org.apache.catalina.core.StandardService.startInternal 서비스 [Catalina]을(를) 시작합니다.
18-Nov-2019 16:59:16.033 정보 [main] org.apache.catalina.core.StandardEngine.startInternal 서버 엔진을 시작합니다: [Apache Tomcat/9.0.27]
18-Nov-2019 16:59:16.041 정보 [main] org.apache.catalina.startup.HostConfig.deployDirectory 웹 애플리케이션 디렉토리 [C:\Tomcat 9.0\webapps\docs]을(를) 배치합니다.
18-Nov-2019 16:59:16.488 정보 [main] org.apache.jasper.servlet.TldScanner.scanJars 적어도 하나의 JAR가 TLD들을 찾기 위해 스캔되었으나 아무 것도 찾지 못했습니다. 스캔했으나 TLD가 없는 JAR들의 전체 목록을 보시려면, 로그 레벨을 디버그 레벨로 설정하십시오. 스캔 과정에서 불필요한 JAR들을 건너뛰면, 시스템 시작 시간과 JSP 컴파일 시간을 단축시킬 수 있습니다.
18-Nov-2019 16:59:16.533 정보 [main] org.apache.catalina.startup.HostConfig.deployDirectory 웹 애플리케이션 디렉토리 [C:\Tomcat 9.0\webapps\docs]에 대한 배치가 [492] 밀리초에 완료되었습니다.
18-Nov-2019 16:59:16.533 정보 [main] org.apache.catalina.startup.HostConfig.deployDirectory 웹 애플리케이션 디렉토리 [C:\Tomcat 9.0\webapps\manager]을(를) 배치합니다.
18-Nov-2019 16:59:16.794 정보 [main] org.apache.jasper.servlet.TldScanner.scanJars 적어도 하나의 JAR가 TLD들을 찾기 위해 스캔되었으나 아무 것도 찾지 못했습니다. 스캔했으나 TLD가 없는 JAR들의 전체 목록을 보시려면, 로그 레벨을 디버그 레벨로 설정하십시오. 스캔 과정에서 불필요한 JAR들을 건너뛰면, 시스템 시작 시간과 JSP 컴파일 시간을 단축시킬 수 있습니다.
18-Nov-2019 16:59:16.800 정보 [main] org.apache.catalina.startup.HostConfig.deployDirectory 웹 애플리케이션 디렉토리 [C:\Tomcat 9.0\webapps\manager]에 대한 배치가 [267] 밀리초에 완료되었습니다.
18-Nov-2019 16:59:16.801 정보 [main] org.apache.catalina.startup.HostConfig.deployDirectory 웹 애플리케이션 디렉토리 [C:\Tomcat 9.0\webapps\ROOT]을(를) 배치합니다.
18-Nov-2019 16:59:17.038 정보 [main] org.apache.jasper.servlet.TldScanner.scanJars 적어도 하나의 JAR가 TLD들을 찾기 위해 스캔되었으나 아무 것도 찾지 못했습니다. 스캔했으나 TLD가 없는 JAR들의 전체 목록을 보시려면, 로그 레벨을 디버그 레벨로 설정하십시오. 스캔 과정에서 불필요한 JAR들을 건너뛰면, 시스템 시작 시간과 JSP 컴파일 시간을 단축시킬 수 있습니다.
18-Nov-2019 16:59:17.041 정보 [main] org.apache.catalina.startup.HostConfig.deployDirectory 웹 애플리케이션 디렉토리 [C:\Tomcat 9.0\webapps\ROOT]에 대한 배치가 [240] 밀리초에 완료되었습니다.
18-Nov-2019 16:59:17.041 정보 [main] org.apache.catalina.startup.HostConfig.deployDirectory 웹 애플리케이션 디렉토리 [C:\Tomcat 9.0\webapps\testsite]을(를) 배치합니다.
18-Nov-2019 16:59:17.286 정보 [main] org.apache.jasper.servlet.TldScanner.scanJars 적어도 하나의 JAR가 TLD들을 찾기 위해 스캔되었으나 아무 것도 찾지 못했습니다. 스캔했으나 TLD가 없는 JAR들의 전체 목록을 보시려면, 로그 레벨을 디버그 레벨로 설정하십시오. 스캔 과정에서 불필요한 JAR들을 건너뛰면, 시스템 시작 시간과 JSP 컴파일 시간을 단축시킬 수 있습니다.
18-Nov-2019 16:59:17.292 정보 [main] org.apache.catalina.startup.HostConfig.deployDirectory 웹 애플리케이션 디렉토리 [C:\Tomcat 9.0\webapps\testsite]에 대한 배치가 [251] 밀리초에 완료되었습니다.
18-Nov-2019 16:59:17.295 정보 [main] org.apache.coyote.AbstractProtocol.start 프로토콜 핸들러 ["http-nio-9090"]을(를) 시작합니다.
18-Nov-2019 16:59:17.304 정보 [main] org.apache.coyote.AbstractProtocol.start 프로토콜 핸들러 ["ajp-nio-8009"]을(를) 시작합니다.
18-Nov-2019 16:59:17.307 정보 [main] org.apache.catalina.startup.Catalina.start 서버가 [1,295] 밀리초 내에 시작되었습니다.
18-Nov-2019 17:56:54.191 정보 [Thread-6] org.apache.coyote.AbstractProtocol.pause 프로토콜 핸들러 ["http-nio-9090"]을(를) 일시 정지 중
18-Nov-2019 17:56:54.417 정보 [Thread-6] org.apache.coyote.AbstractProtocol.pause 프로토콜 핸들러 ["ajp-nio-8009"]을(를) 일시 정지 중
18-Nov-2019 17:56:54.582 정보 [Thread-6] org.apache.catalina.core.StandardService.stopInternal 서비스 [Catalina]을(를) 중지시킵니다.
18-Nov-2019 17:56:54.599 정보 [Thread-6] org.apache.coyote.AbstractProtocol.stop 프로토콜 핸들러 ["http-nio-9090"]을(를) 중지시킵니다.
18-Nov-2019 17:56:54.600 정보 [Thread-6] org.apache.coyote.AbstractProtocol.stop 프로토콜 핸들러 ["ajp-nio-8009"]을(를) 중지시킵니다.
18-Nov-2019 17:56:54.602 정보 [Thread-6] org.apache.coyote.AbstractProtocol.destroy 프로토콜 핸들러 ["http-nio-9090"]을(를) 소멸시킵니다.
18-Nov-2019 17:56:54.603 정보 [Thread-6] org.apache.coyote.AbstractProtocol.destroy 프로토콜 핸들러 ["ajp-nio-8009"]을(를) 소멸시킵니다.

2019-11-18 17:57:00 Apache Commons Daemon procrun stderr initialized.
18-Nov-2019 17:57:01.142 정보 [main] org.apache.catalina.startup.VersionLoggerListener.log 서버 버전 이름:        Apache Tomcat/9.0.27
18-Nov-2019 17:57:01.146 정보 [main] org.apache.catalina.startup.VersionLoggerListener.log Server 빌드 시각:          Oct 7 2019 09:57:22 UTC
18-Nov-2019 17:57:01.146 정보 [main] org.apache.catalina.startup.VersionLoggerListener.log Server 버전 번호:         9.0.27.0
18-Nov-2019 17:57:01.146 정보 [main] org.apache.catalina.startup.VersionLoggerListener.log 운영체제 이름:               Windows 10
18-Nov-2019 17:57:01.146 정보 [main] org.apache.catalina.startup.VersionLoggerListener.log 운영체제 버전:            10.0
18-Nov-2019 17:57:01.146 정보 [main] org.apache.catalina.startup.VersionLoggerListener.log 아키텍처:          amd64
18-Nov-2019 17:57:01.146 정보 [main] org.apache.catalina.startup.VersionLoggerListener.log 자바 홈:             C:\Program Files\Java\jre1.8.0_221
18-Nov-2019 17:57:01.146 정보 [main] org.apache.catalina.startup.VersionLoggerListener.log JVM 버전:           1.8.0_221-b11
18-Nov-2019 17:57:01.146 정보 [main] org.apache.catalina.startup.VersionLoggerListener.log JVM 벤더:            Oracle Corporation
18-Nov-2019 17:57:01.146 정보 [main] org.apache.catalina.startup.VersionLoggerListener.log CATALINA_BASE:         C:\Tomcat 9.0
18-Nov-2019 17:57:01.146 정보 [main] org.apache.catalina.startup.VersionLoggerListener.log CATALINA_HOME:         C:\Tomcat 9.0
18-Nov-2019 17:57:01.148 정보 [main] org.apache.catalina.startup.VersionLoggerListener.log 명령 행 아규먼트: -Dcatalina.home=C:\Tomcat 9.0
18-Nov-2019 17:57:01.148 정보 [main] org.apache.catalina.startup.VersionLoggerListener.log 명령 행 아규먼트: -Dcatalina.base=C:\Tomcat 9.0
18-Nov-2019 17:57:01.149 정보 [main] org.apache.catalina.startup.VersionLoggerListener.log 명령 행 아규먼트: -Djava.io.tmpdir=C:\Tomcat 9.0\temp
18-Nov-2019 17:57:01.149 정보 [main] org.apache.catalina.startup.VersionLoggerListener.log 명령 행 아규먼트: -Djava.util.logging.manager=org.apache.juli.ClassLoaderLogManager
18-Nov-2019 17:57:01.149 정보 [main] org.apache.catalina.startup.VersionLoggerListener.log 명령 행 아규먼트: -Djava.util.logging.config.file=C:\Tomcat 9.0\conf\logging.properties
18-Nov-2019 17:57:01.149 정보 [main] org.apache.catalina.startup.VersionLoggerListener.log 명령 행 아규먼트: exit
18-Nov-2019 17:57:01.149 정보 [main] org.apache.catalina.startup.VersionLoggerListener.log 명령 행 아규먼트: abort
18-Nov-2019 17:57:01.149 정보 [main] org.apache.catalina.startup.VersionLoggerListener.log 명령 행 아규먼트: -Xms128m
18-Nov-2019 17:57:01.149 정보 [main] org.apache.catalina.startup.VersionLoggerListener.log 명령 행 아규먼트: -Xmx256m
18-Nov-2019 17:57:01.149 정보 [main] org.apache.catalina.core.AprLifecycleListener.lifecycleEvent 프로덕션 환경들에서 최적의 성능을 제공하는, APR 기반 Apache Tomcat Native 라이브러리가, 다음 java.library.path에서 발견되지 않습니다: [C:\Tomcat 9.0\bin;C:\Windows\Sun\Java\bin;C:\Windows\system32;C:\Windows;C:\Program Files\Java\jre1.8.0_221\bin;C:\oraclexe\app\oracle\product\11.2.0\server\bin;C:\Program Files (x86)\Common Files\Oracle\Java\javapath;C:\Windows\system32;C:\Windows;C:\Windows\System32\Wbem;C:\Windows\System32\WindowsPowerShell\v1.0\;C:\Windows\System32\OpenSSH\;C:\Program Files\Git\cmd;C:\Java\jdk1.8.0_221\bin;c:\Tomcat 9.0 \bin;C:\Windows\ServiceProfiles\LocalService\AppData\Local\Microsoft\WindowsApps;.]
18-Nov-2019 17:57:01.423 정보 [main] org.apache.coyote.AbstractProtocol.init 프로토콜 핸들러 ["http-nio-9090"]을(를) 초기화합니다.
18-Nov-2019 17:57:01.640 정보 [main] org.apache.coyote.AbstractProtocol.init 프로토콜 핸들러 ["ajp-nio-8009"]을(를) 초기화합니다.
18-Nov-2019 17:57:01.643 정보 [main] org.apache.catalina.startup.Catalina.load [691] 밀리초 내에 서버가 초기화되었습니다.
18-Nov-2019 17:57:01.664 정보 [main] org.apache.catalina.core.StandardService.startInternal 서비스 [Catalina]을(를) 시작합니다.
18-Nov-2019 17:57:01.664 정보 [main] org.apache.catalina.core.StandardEngine.startInternal 서버 엔진을 시작합니다: [Apache Tomcat/9.0.27]
18-Nov-2019 17:57:01.672 정보 [main] org.apache.catalina.startup.HostConfig.deployDirectory 웹 애플리케이션 디렉토리 [C:\Tomcat 9.0\webapps\docs]을(를) 배치합니다.
18-Nov-2019 17:57:02.111 정보 [main] org.apache.jasper.servlet.TldScanner.scanJars 적어도 하나의 JAR가 TLD들을 찾기 위해 스캔되었으나 아무 것도 찾지 못했습니다. 스캔했으나 TLD가 없는 JAR들의 전체 목록을 보시려면, 로그 레벨을 디버그 레벨로 설정하십시오. 스캔 과정에서 불필요한 JAR들을 건너뛰면, 시스템 시작 시간과 JSP 컴파일 시간을 단축시킬 수 있습니다.
18-Nov-2019 17:57:02.157 정보 [main] org.apache.catalina.startup.HostConfig.deployDirectory 웹 애플리케이션 디렉토리 [C:\Tomcat 9.0\webapps\docs]에 대한 배치가 [485] 밀리초에 완료되었습니다.
18-Nov-2019 17:57:02.157 정보 [main] org.apache.catalina.startup.HostConfig.deployDirectory 웹 애플리케이션 디렉토리 [C:\Tomcat 9.0\webapps\manager]을(를) 배치합니다.
18-Nov-2019 17:57:02.405 정보 [main] org.apache.jasper.servlet.TldScanner.scanJars 적어도 하나의 JAR가 TLD들을 찾기 위해 스캔되었으나 아무 것도 찾지 못했습니다. 스캔했으나 TLD가 없는 JAR들의 전체 목록을 보시려면, 로그 레벨을 디버그 레벨로 설정하십시오. 스캔 과정에서 불필요한 JAR들을 건너뛰면, 시스템 시작 시간과 JSP 컴파일 시간을 단축시킬 수 있습니다.
18-Nov-2019 17:57:02.412 정보 [main] org.apache.catalina.startup.HostConfig.deployDirectory 웹 애플리케이션 디렉토리 [C:\Tomcat 9.0\webapps\manager]에 대한 배치가 [255] 밀리초에 완료되었습니다.
18-Nov-2019 17:57:02.413 정보 [main] org.apache.catalina.startup.HostConfig.deployDirectory 웹 애플리케이션 디렉토리 [C:\Tomcat 9.0\webapps\ROOT]을(를) 배치합니다.
18-Nov-2019 17:57:02.644 정보 [main] org.apache.jasper.servlet.TldScanner.scanJars 적어도 하나의 JAR가 TLD들을 찾기 위해 스캔되었으나 아무 것도 찾지 못했습니다. 스캔했으나 TLD가 없는 JAR들의 전체 목록을 보시려면, 로그 레벨을 디버그 레벨로 설정하십시오. 스캔 과정에서 불필요한 JAR들을 건너뛰면, 시스템 시작 시간과 JSP 컴파일 시간을 단축시킬 수 있습니다.
18-Nov-2019 17:57:02.647 정보 [main] org.apache.catalina.startup.HostConfig.deployDirectory 웹 애플리케이션 디렉토리 [C:\Tomcat 9.0\webapps\ROOT]에 대한 배치가 [234] 밀리초에 완료되었습니다.
18-Nov-2019 17:57:02.648 정보 [main] org.apache.catalina.startup.HostConfig.deployDirectory 웹 애플리케이션 디렉토리 [C:\Tomcat 9.0\webapps\testsite]을(를) 배치합니다.
18-Nov-2019 17:57:02.889 정보 [main] org.apache.jasper.servlet.TldScanner.scanJars 적어도 하나의 JAR가 TLD들을 찾기 위해 스캔되었으나 아무 것도 찾지 못했습니다. 스캔했으나 TLD가 없는 JAR들의 전체 목록을 보시려면, 로그 레벨을 디버그 레벨로 설정하십시오. 스캔 과정에서 불필요한 JAR들을 건너뛰면, 시스템 시작 시간과 JSP 컴파일 시간을 단축시킬 수 있습니다.
18-Nov-2019 17:57:02.893 정보 [main] org.apache.catalina.startup.HostConfig.deployDirectory 웹 애플리케이션 디렉토리 [C:\Tomcat 9.0\webapps\testsite]에 대한 배치가 [246] 밀리초에 완료되었습니다.
18-Nov-2019 17:57:02.896 정보 [main] org.apache.coyote.AbstractProtocol.start 프로토콜 핸들러 ["http-nio-9090"]을(를) 시작합니다.
18-Nov-2019 17:57:02.903 정보 [main] org.apache.coyote.AbstractProtocol.start 프로토콜 핸들러 ["ajp-nio-8009"]을(를) 시작합니다.
18-Nov-2019 17:57:02.906 정보 [main] org.apache.catalina.startup.Catalina.start 서버가 [1,262] 밀리초 내에 시작되었습니다.
18-Nov-2019 18:02:58.671 정보 [Thread-6] org.apache.coyote.AbstractProtocol.pause 프로토콜 핸들러 ["http-nio-9090"]을(를) 일시 정지 중
18-Nov-2019 18:02:58.895 정보 [Thread-6] org.apache.coyote.AbstractProtocol.pause 프로토콜 핸들러 ["ajp-nio-8009"]을(를) 일시 정지 중
18-Nov-2019 18:02:59.059 정보 [Thread-6] org.apache.catalina.core.StandardService.stopInternal 서비스 [Catalina]을(를) 중지시킵니다.
18-Nov-2019 18:02:59.075 정보 [Thread-6] org.apache.coyote.AbstractProtocol.stop 프로토콜 핸들러 ["http-nio-9090"]을(를) 중지시킵니다.
18-Nov-2019 18:02:59.076 정보 [Thread-6] org.apache.coyote.AbstractProtocol.stop 프로토콜 핸들러 ["ajp-nio-8009"]을(를) 중지시킵니다.
18-Nov-2019 18:02:59.078 정보 [Thread-6] org.apache.coyote.AbstractProtocol.destroy 프로토콜 핸들러 ["http-nio-9090"]을(를) 소멸시킵니다.
18-Nov-2019 18:02:59.079 정보 [Thread-6] org.apache.coyote.AbstractProtocol.destroy 프로토콜 핸들러 ["ajp-nio-8009"]을(를) 소멸시킵니다.

2019-11-18 18:03:11 Apache Commons Daemon procrun stderr initialized.
18-Nov-2019 18:03:12.089 정보 [main] org.apache.catalina.startup.VersionLoggerListener.log 서버 버전 이름:        Apache Tomcat/9.0.27
18-Nov-2019 18:03:12.092 정보 [main] org.apache.catalina.startup.VersionLoggerListener.log Server 빌드 시각:          Oct 7 2019 09:57:22 UTC
18-Nov-2019 18:03:12.092 정보 [main] org.apache.catalina.startup.VersionLoggerListener.log Server 버전 번호:         9.0.27.0
18-Nov-2019 18:03:12.093 정보 [main] org.apache.catalina.startup.VersionLoggerListener.log 운영체제 이름:               Windows 10
18-Nov-2019 18:03:12.093 정보 [main] org.apache.catalina.startup.VersionLoggerListener.log 운영체제 버전:            10.0
18-Nov-2019 18:03:12.093 정보 [main] org.apache.catalina.startup.VersionLoggerListener.log 아키텍처:          amd64
18-Nov-2019 18:03:12.093 정보 [main] org.apache.catalina.startup.VersionLoggerListener.log 자바 홈:             C:\Program Files\Java\jre1.8.0_221
18-Nov-2019 18:03:12.093 정보 [main] org.apache.catalina.startup.VersionLoggerListener.log JVM 버전:           1.8.0_221-b11
18-Nov-2019 18:03:12.093 정보 [main] org.apache.catalina.startup.VersionLoggerListener.log JVM 벤더:            Oracle Corporation
18-Nov-2019 18:03:12.093 정보 [main] org.apache.catalina.startup.VersionLoggerListener.log CATALINA_BASE:         C:\Tomcat 9.0
18-Nov-2019 18:03:12.093 정보 [main] org.apache.catalina.startup.VersionLoggerListener.log CATALINA_HOME:         C:\Tomcat 9.0
18-Nov-2019 18:03:12.095 정보 [main] org.apache.catalina.startup.VersionLoggerListener.log 명령 행 아규먼트: -Dcatalina.home=C:\Tomcat 9.0
18-Nov-2019 18:03:12.095 정보 [main] org.apache.catalina.startup.VersionLoggerListener.log 명령 행 아규먼트: -Dcatalina.base=C:\Tomcat 9.0
18-Nov-2019 18:03:12.095 정보 [main] org.apache.catalina.startup.VersionLoggerListener.log 명령 행 아규먼트: -Djava.io.tmpdir=C:\Tomcat 9.0\temp
18-Nov-2019 18:03:12.095 정보 [main] org.apache.catalina.startup.VersionLoggerListener.log 명령 행 아규먼트: -Djava.util.logging.manager=org.apache.juli.ClassLoaderLogManager
18-Nov-2019 18:03:12.095 정보 [main] org.apache.catalina.startup.VersionLoggerListener.log 명령 행 아규먼트: -Djava.util.logging.config.file=C:\Tomcat 9.0\conf\logging.properties
18-Nov-2019 18:03:12.095 정보 [main] org.apache.catalina.startup.VersionLoggerListener.log 명령 행 아규먼트: exit
18-Nov-2019 18:03:12.095 정보 [main] org.apache.catalina.startup.VersionLoggerListener.log 명령 행 아규먼트: abort
18-Nov-2019 18:03:12.095 정보 [main] org.apache.catalina.startup.VersionLoggerListener.log 명령 행 아규먼트: -Xms128m
18-Nov-2019 18:03:12.095 정보 [main] org.apache.catalina.startup.VersionLoggerListener.log 명령 행 아규먼트: -Xmx256m
18-Nov-2019 18:03:12.096 정보 [main] org.apache.catalina.core.AprLifecycleListener.lifecycleEvent 프로덕션 환경들에서 최적의 성능을 제공하는, APR 기반 Apache Tomcat Native 라이브러리가, 다음 java.library.path에서 발견되지 않습니다: [C:\Tomcat 9.0\bin;C:\Windows\Sun\Java\bin;C:\Windows\system32;C:\Windows;C:\Program Files\Java\jre1.8.0_221\bin;C:\oraclexe\app\oracle\product\11.2.0\server\bin;C:\Program Files (x86)\Common Files\Oracle\Java\javapath;C:\Windows\system32;C:\Windows;C:\Windows\System32\Wbem;C:\Windows\System32\WindowsPowerShell\v1.0\;C:\Windows\System32\OpenSSH\;C:\Program Files\Git\cmd;C:\Java\jdk1.8.0_221\bin;c:\Tomcat 9.0 \bin;C:\Windows\ServiceProfiles\LocalService\AppData\Local\Microsoft\WindowsApps;.]
18-Nov-2019 18:03:12.365 정보 [main] org.apache.coyote.AbstractProtocol.init 프로토콜 핸들러 ["http-nio-9090"]을(를) 초기화합니다.
18-Nov-2019 18:03:12.576 정보 [main] org.apache.coyote.AbstractProtocol.init 프로토콜 핸들러 ["ajp-nio-8009"]을(를) 초기화합니다.
18-Nov-2019 18:03:12.579 정보 [main] org.apache.catalina.startup.Catalina.load [677] 밀리초 내에 서버가 초기화되었습니다.
18-Nov-2019 18:03:12.601 정보 [main] org.apache.catalina.core.StandardService.startInternal 서비스 [Catalina]을(를) 시작합니다.
18-Nov-2019 18:03:12.601 정보 [main] org.apache.catalina.core.StandardEngine.startInternal 서버 엔진을 시작합니다: [Apache Tomcat/9.0.27]
18-Nov-2019 18:03:12.609 정보 [main] org.apache.catalina.startup.HostConfig.deployDirectory 웹 애플리케이션 디렉토리 [C:\Tomcat 9.0\webapps\docs]을(를) 배치합니다.
18-Nov-2019 18:03:13.074 정보 [main] org.apache.jasper.servlet.TldScanner.scanJars 적어도 하나의 JAR가 TLD들을 찾기 위해 스캔되었으나 아무 것도 찾지 못했습니다. 스캔했으나 TLD가 없는 JAR들의 전체 목록을 보시려면, 로그 레벨을 디버그 레벨로 설정하십시오. 스캔 과정에서 불필요한 JAR들을 건너뛰면, 시스템 시작 시간과 JSP 컴파일 시간을 단축시킬 수 있습니다.
18-Nov-2019 18:03:13.120 정보 [main] org.apache.catalina.startup.HostConfig.deployDirectory 웹 애플리케이션 디렉토리 [C:\Tomcat 9.0\webapps\docs]에 대한 배치가 [511] 밀리초에 완료되었습니다.
18-Nov-2019 18:03:13.121 정보 [main] org.apache.catalina.startup.HostConfig.deployDirectory 웹 애플리케이션 디렉토리 [C:\Tomcat 9.0\webapps\manager]을(를) 배치합니다.
18-Nov-2019 18:03:13.374 정보 [main] org.apache.jasper.servlet.TldScanner.scanJars 적어도 하나의 JAR가 TLD들을 찾기 위해 스캔되었으나 아무 것도 찾지 못했습니다. 스캔했으나 TLD가 없는 JAR들의 전체 목록을 보시려면, 로그 레벨을 디버그 레벨로 설정하십시오. 스캔 과정에서 불필요한 JAR들을 건너뛰면, 시스템 시작 시간과 JSP 컴파일 시간을 단축시킬 수 있습니다.
18-Nov-2019 18:03:13.380 정보 [main] org.apache.catalina.startup.HostConfig.deployDirectory 웹 애플리케이션 디렉토리 [C:\Tomcat 9.0\webapps\manager]에 대한 배치가 [259] 밀리초에 완료되었습니다.
18-Nov-2019 18:03:13.381 정보 [main] org.apache.catalina.startup.HostConfig.deployDirectory 웹 애플리케이션 디렉토리 [C:\Tomcat 9.0\webapps\ROOT]을(를) 배치합니다.
18-Nov-2019 18:03:13.627 정보 [main] org.apache.jasper.servlet.TldScanner.scanJars 적어도 하나의 JAR가 TLD들을 찾기 위해 스캔되었으나 아무 것도 찾지 못했습니다. 스캔했으나 TLD가 없는 JAR들의 전체 목록을 보시려면, 로그 레벨을 디버그 레벨로 설정하십시오. 스캔 과정에서 불필요한 JAR들을 건너뛰면, 시스템 시작 시간과 JSP 컴파일 시간을 단축시킬 수 있습니다.
18-Nov-2019 18:03:13.630 정보 [main] org.apache.catalina.startup.HostConfig.deployDirectory 웹 애플리케이션 디렉토리 [C:\Tomcat 9.0\webapps\ROOT]에 대한 배치가 [248] 밀리초에 완료되었습니다.
18-Nov-2019 18:03:13.630 정보 [main] org.apache.catalina.startup.HostConfig.deployDirectory 웹 애플리케이션 디렉토리 [C:\Tomcat 9.0\webapps\testsite]을(를) 배치합니다.
18-Nov-2019 18:03:13.887 정보 [main] org.apache.jasper.servlet.TldScanner.scanJars 적어도 하나의 JAR가 TLD들을 찾기 위해 스캔되었으나 아무 것도 찾지 못했습니다. 스캔했으나 TLD가 없는 JAR들의 전체 목록을 보시려면, 로그 레벨을 디버그 레벨로 설정하십시오. 스캔 과정에서 불필요한 JAR들을 건너뛰면, 시스템 시작 시간과 JSP 컴파일 시간을 단축시킬 수 있습니다.
18-Nov-2019 18:03:13.891 정보 [main] org.apache.catalina.startup.HostConfig.deployDirectory 웹 애플리케이션 디렉토리 [C:\Tomcat 9.0\webapps\testsite]에 대한 배치가 [261] 밀리초에 완료되었습니다.
18-Nov-2019 18:03:13.894 정보 [main] org.apache.coyote.AbstractProtocol.start 프로토콜 핸들러 ["http-nio-9090"]을(를) 시작합니다.
18-Nov-2019 18:03:13.901 정보 [main] org.apache.coyote.AbstractProtocol.start 프로토콜 핸들러 ["ajp-nio-8009"]을(를) 시작합니다.
18-Nov-2019 18:03:13.903 정보 [main] org.apache.catalina.startup.Catalina.start 서버가 [1,323] 밀리초 내에 시작되었습니다.
